<?xml version="1.0" encoding="UTF-8"?>
<!-- Generated by org.testng.reporters.JUnitReportReporter -->
<testsuite hostname="admin-PC" failures="0" tests="6" name="TestCases.SearchBox" time="150.946" errors="0" timestamp="2022-05-22T02:34:39 IST" skipped="0">
  <testcase classname="TestCases.SearchBox" name="ClickOnSearchIcon" time="27.237"/>
  <system-out/>
  <testcase classname="TestCases.SearchBox" name="DisplayMyStoreLogo" time="21.150"/>
  <system-out/>
  <testcase classname="TestCases.SearchBox" name="Storeinformation" time="18.772"/>
  <system-out/>
  <testcase classname="TestCases.SearchBox" name="ClickOnSearchIconPageRef" time="28.646"/>
  <system-out/>
  <testcase classname="TestCases.SearchBox" name="SignUpBtnSelectable" time="22.374"/>
  <system-out/>
  <testcase classname="TestCases.SearchBox" name="ContentClickSelectable" time="32.767"/>
  <system-out/>
</testsuite> <!-- TestCases.SearchBox -->
