<?xml version="1.0" encoding="UTF-8"?>
<!-- Generated by org.testng.reporters.JUnitReportReporter -->
<testsuite hostname="admin-PC" failures="0" tests="2" name="TestCases.PDPPage" time="113.650" errors="0" timestamp="2022-05-22T14:24:29 IST" skipped="1">
  <testcase classname="TestCases.PDPPage" name="AddToCartClick" time="81.259"/>
  <system-out/>
  <testcase classname="TestCases.PDPPage" name="DressesBtnSelectable" time="32.391">
    <skipped/>
  </testcase> <!-- DressesBtnSelectable -->
  <system-out/>
</testsuite> <!-- TestCases.PDPPage -->
