<?xml version="1.0" encoding="UTF-8"?>
<!-- Generated by org.testng.reporters.JUnitReportReporter -->
<testsuite hostname="admin-PC" failures="0" tests="5" name="TestCases.SignUpPage" time="124.298" errors="0" timestamp="2022-05-22T04:18:34 IST" skipped="0">
  <testcase classname="TestCases.SignUpPage" name="SucessFullSignUpPage" time="23.905"/>
  <system-out/>
  <testcase classname="TestCases.SignUpPage" name="AccountCraete" time="23.461"/>
  <system-out/>
  <testcase classname="TestCases.SignUpPage" name="WithoutFillEmailClickRegisterBtn" time="22.420"/>
  <system-out/>
  <testcase classname="TestCases.SignUpPage" name="WithoutFillingEmailandPWD" time="22.124"/>
  <system-out/>
  <testcase classname="TestCases.SignUpPage" name="VerifyForgetPassword" time="32.388"/>
  <system-out/>
</testsuite> <!-- TestCases.SignUpPage -->
